# JRE version: OpenJDK Runtime Environment (8.0_292-b10) (build 1.8.0_292-b10)
# Java VM: OpenJDK 64-Bit Server VM (25.292-b10 mixed mode windows-amd64 compressed oops)
Heap:
 PSYoungGen      total 398336K, used 57907K [0x0000000715980000, 0x000000073a680000, 0x00000007c0000000)
  eden space 383488K, 11% used [0x0000000715980000,0x000000071838e6f0,0x000000072d000000)
  from space 14848K, 99% used [0x000000072d000000,0x000000072de7e7b0,0x000000072de80000)
  to   space 22016K, 0% used [0x0000000739100000,0x0000000739100000,0x000000073a680000)
 ParOldGen       total 258048K, used 26674K [0x00000005c0c00000, 0x00000005d0800000, 0x0000000715980000)
  object space 258048K, 10% used [0x00000005c0c00000,0x00000005c260c9b8,0x00000005d0800000)
 Metaspace       used 54903K, capacity 58176K, committed 58200K, reserved 1099776K
  class space    used 7730K, capacity 8297K, committed 8320K, reserved 1048576K
GC Heap History (10 events):
Event: 2.274 GC heap before
{Heap before GC invocations=5 (full 1):
 PSYoungGen      total 153088K, used 131584K [0x0000000715980000, 0x0000000728480000, 0x00000007c0000000)
  eden space 131584K, 100% used [0x0000000715980000,0x000000071da00000,0x000000071da00000)
  from space 21504K, 0% used [0x000000071da00000,0x000000071da00000,0x000000071ef00000)
  to   space 21504K, 0% used [0x0000000726f80000,0x0000000726f80000,0x0000000728480000)
 ParOldGen       total 169984K, used 7045K [0x00000005c0c00000, 0x00000005cb200000, 0x0000000715980000)
  object space 169984K, 4% used [0x00000005c0c00000,0x00000005c12e1400,0x00000005cb200000)
 Metaspace       used 25914K, capacity 27292K, committed 27520K, reserved 1073152K
  class space    used 3533K, capacity 3866K, committed 3968K, reserved 1048576K
Event: 2.280 GC heap after
Heap after GC invocations=5 (full 1):
 PSYoungGen      total 237056K, used 10226K [0x0000000715980000, 0x0000000727980000, 0x00000007c0000000)
  eden space 226816K, 0% used [0x0000000715980000,0x0000000715980000,0x0000000723700000)
  from space 10240K, 99% used [0x0000000726f80000,0x000000072797ca58,0x0000000727980000)
  to   space 21504K, 0% used [0x0000000724f80000,0x0000000724f80000,0x0000000726480000)
 ParOldGen       total 169984K, used 7053K [0x00000005c0c00000, 0x00000005cb200000, 0x0000000715980000)
  object space 169984K, 4% used [0x00000005c0c00000,0x00000005c12e3400,0x00000005cb200000)
 Metaspace       used 25914K, capacity 27292K, committed 27520K, reserved 1073152K
  class space    used 3533K, capacity 3866K, committed 3968K, reserved 1048576K
}
Event: 3.324 GC heap before
{Heap before GC invocations=6 (full 1):
 PSYoungGen      total 237056K, used 237042K [0x0000000715980000, 0x0000000727980000, 0x00000007c0000000)
  eden space 226816K, 100% used [0x0000000715980000,0x0000000723700000,0x0000000723700000)
  from space 10240K, 99% used [0x0000000726f80000,0x000000072797ca58,0x0000000727980000)
  to   space 21504K, 0% used [0x0000000724f80000,0x0000000724f80000,0x0000000726480000)
 ParOldGen       total 169984K, used 7053K [0x00000005c0c00000, 0x00000005cb200000, 0x0000000715980000)
  object space 169984K, 4% used [0x00000005c0c00000,0x00000005c12e3400,0x00000005cb200000)
 Metaspace       used 32269K, capacity 34328K, committed 34560K, reserved 1079296K
  class space    used 4429K, capacity 4826K, committed 4864K, reserved 1048576K
Event: 3.337 GC heap after
Heap after GC invocations=6 (full 1):
 PSYoungGen      total 273408K, used 14618K [0x0000000715980000, 0x000000072ee00000, 0x00000007c0000000)
  eden space 251904K, 0% used [0x0000000715980000,0x0000000715980000,0x0000000724f80000)
  from space 21504K, 67% used [0x0000000724f80000,0x0000000725dc69d8,0x0000000726480000)
  to   space 15872K, 0% used [0x000000072de80000,0x000000072de80000,0x000000072ee00000)
 ParOldGen       total 169984K, used 7061K [0x00000005c0c00000, 0x00000005cb200000, 0x0000000715980000)
  object space 169984K, 4% used [0x00000005c0c00000,0x00000005c12e5400,0x00000005cb200000)
 Metaspace       used 32269K, capacity 34328K, committed 34560K, reserved 1079296K
  class space    used 4429K, capacity 4826K, committed 4864K, reserved 1048576K
}
Event: 3.546 GC heap before
{Heap before GC invocations=7 (full 1):
 PSYoungGen      total 273408K, used 46311K [0x0000000715980000, 0x000000072ee00000, 0x00000007c0000000)
  eden space 251904K, 12% used [0x0000000715980000,0x00000007178732b8,0x0000000724f80000)
  from space 21504K, 67% used [0x0000000724f80000,0x0000000725dc69d8,0x0000000726480000)
  to   space 15872K, 0% used [0x000000072de80000,0x000000072de80000,0x000000072ee00000)
 ParOldGen       total 169984K, used 7061K [0x00000005c0c00000, 0x00000005cb200000, 0x0000000715980000)
  object space 169984K, 4% used [0x00000005c0c00000,0x00000005c12e5400,0x00000005cb200000)
 Metaspace       used 33259K, capacity 35392K, committed 35416K, reserved 1079296K
  class space    used 4548K, capacity 4992K, committed 4992K, reserved 1048576K
Event: 3.556 GC heap after
Heap after GC invocations=7 (full 1):
 PSYoungGen      total 399360K, used 10501K [0x0000000715980000, 0x0000000731a80000, 0x00000007c0000000)
  eden space 383488K, 0% used [0x0000000715980000,0x0000000715980000,0x000000072d000000)
  from space 15872K, 66% used [0x000000072de80000,0x000000072e8c17a8,0x000000072ee00000)
  to   space 14848K, 0% used [0x000000072d000000,0x000000072d000000,0x000000072de80000)
 ParOldGen       total 169984K, used 7069K [0x00000005c0c00000, 0x00000005cb200000, 0x0000000715980000)
  object space 169984K, 4% used [0x00000005c0c00000,0x00000005c12e7400,0x00000005cb200000)
 Metaspace       used 33259K, capacity 35392K, committed 35416K, reserved 1079296K
  class space    used 4548K, capacity 4992K, committed 4992K, reserved 1048576K
}
Event: 3.556 GC heap before
{Heap before GC invocations=8 (full 2):
 PSYoungGen      total 399360K, used 10501K [0x0000000715980000, 0x0000000731a80000, 0x00000007c0000000)
  eden space 383488K, 0% used [0x0000000715980000,0x0000000715980000,0x000000072d000000)
  from space 15872K, 66% used [0x000000072de80000,0x000000072e8c17a8,0x000000072ee00000)
  to   space 14848K, 0% used [0x000000072d000000,0x000000072d000000,0x000000072de80000)
 ParOldGen       total 169984K, used 7069K [0x00000005c0c00000, 0x00000005cb200000, 0x0000000715980000)
  object space 169984K, 4% used [0x00000005c0c00000,0x00000005c12e7400,0x00000005cb200000)
 Metaspace       used 33259K, capacity 35392K, committed 35416K, reserved 1079296K
  class space    used 4548K, capacity 4992K, committed 4992K, reserved 1048576K
Event: 3.658 GC heap after
Heap after GC invocations=8 (full 2):
 PSYoungGen      total 399360K, used 0K [0x0000000715980000, 0x0000000731a80000, 0x00000007c0000000)
  eden space 383488K, 0% used [0x0000000715980000,0x0000000715980000,0x000000072d000000)
  from space 15872K, 0% used [0x000000072de80000,0x000000072de80000,0x000000072ee00000)
  to   space 14848K, 0% used [0x000000072d000000,0x000000072d000000,0x000000072de80000)
 ParOldGen       total 258048K, used 15938K [0x00000005c0c00000, 0x00000005d0800000, 0x0000000715980000)
  object space 258048K, 6% used [0x00000005c0c00000,0x00000005c1b90938,0x00000005d0800000)
 Metaspace       used 33259K, capacity 35392K, committed 35416K, reserved 1079296K
  class space    used 4548K, capacity 4992K, committed 4992K, reserved 1048576K
}
Event: 6.937 GC heap before
{Heap before GC invocations=9 (full 2):
 PSYoungGen      total 399360K, used 383488K [0x0000000715980000, 0x0000000731a80000, 0x00000007c0000000)
  eden space 383488K, 100% used [0x0000000715980000,0x000000072d000000,0x000000072d000000)
  from space 15872K, 0% used [0x000000072de80000,0x000000072de80000,0x000000072ee00000)
  to   space 14848K, 0% used [0x000000072d000000,0x000000072d000000,0x000000072de80000)
 ParOldGen       total 258048K, used 15938K [0x00000005c0c00000, 0x00000005d0800000, 0x0000000715980000)
  object space 258048K, 6% used [0x00000005c0c00000,0x00000005c1b90938,0x00000005d0800000)
 Metaspace       used 54595K, capacity 57848K, committed 57944K, reserved 1099776K
  class space    used 7692K, capacity 8247K, committed 8320K, reserved 1048576K
Event: 6.957 GC heap after
Heap after GC invocations=9 (full 2):
 PSYoungGen      total 398336K, used 14841K [0x0000000715980000, 0x000000073a680000, 0x00000007c0000000)
  eden space 383488K, 0% used [0x0000000715980000,0x0000000715980000,0x000000072d000000)
  from space 14848K, 99% used [0x000000072d000000,0x000000072de7e7b0,0x000000072de80000)
  to   space 22016K, 0% used [0x0000000739100000,0x0000000739100000,0x000000073a680000)
 ParOldGen       total 258048K, used 26674K [0x00000005c0c00000, 0x00000005d0800000, 0x0000000715980000)
  object space 258048K, 10% used [0x00000005c0c00000,0x00000005c260c9b8,0x00000005d0800000)
 Metaspace       used 54595K, capacity 57848K, committed 57944K, reserved 1099776K
  class space    used 7692K, capacity 8247K, committed 8320K, reserved 1048576K
}

