# JRE version: OpenJDK Runtime Environment (8.0_292-b10) (build 1.8.0_292-b10)
# Java VM: OpenJDK 64-Bit Server VM (25.292-b10 mixed mode windows-amd64 compressed oops)
Heap:
 PSYoungGen      total 288768K, used 96896K [0x000000076bb00000, 0x000000077f780000, 0x00000007c0000000)
  eden space 266240K, 27% used [0x000000076bb00000,0x00000007703a7130,0x000000077bf00000)
  from space 22528K, 99% used [0x000000077bf00000,0x000000077d4f92c0,0x000000077d500000)
  to   space 16896K, 0% used [0x000000077d500000,0x000000077d500000,0x000000077e580000)
 ParOldGen       total 348672K, used 27654K [0x00000006c3000000, 0x00000006d8480000, 0x000000076bb00000)
  object space 348672K, 7% used [0x00000006c3000000,0x00000006c4b01b50,0x00000006d8480000)
 Metaspace       used 47388K, capacity 49380K, committed 49536K, reserved 1091584K
  class space    used 6632K, capacity 7182K, committed 7296K, reserved 1048576K
GC Heap History (10 events):
Event: 4.611 GC heap before
{Heap before GC invocations=5 (full 1):
 PSYoungGen      total 153088K, used 64164K [0x000000076bb00000, 0x000000077a580000, 0x00000007c0000000)
  eden space 131584K, 38% used [0x000000076bb00000,0x000000076ed0d938,0x0000000773b80000)
  from space 21504K, 60% used [0x0000000773b80000,0x000000077481b958,0x0000000775080000)
  to   space 21504K, 0% used [0x0000000779080000,0x0000000779080000,0x000000077a580000)
 ParOldGen       total 219648K, used 13873K [0x00000006c3000000, 0x00000006d0680000, 0x000000076bb00000)
  object space 219648K, 6% used [0x00000006c3000000,0x00000006c3d8c640,0x00000006d0680000)
 Metaspace       used 34437K, capacity 35282K, committed 35416K, reserved 1079296K
  class space    used 4779K, capacity 5033K, committed 5120K, reserved 1048576K
Event: 4.618 GC heap after
Heap after GC invocations=5 (full 1):
 PSYoungGen      total 218624K, used 10973K [0x000000076bb00000, 0x000000077b300000, 0x00000007c0000000)
  eden space 197120K, 0% used [0x000000076bb00000,0x000000076bb00000,0x0000000777b80000)
  from space 21504K, 51% used [0x0000000779080000,0x0000000779b37668,0x000000077a580000)
  to   space 21504K, 0% used [0x0000000777b80000,0x0000000777b80000,0x0000000779080000)
 ParOldGen       total 219648K, used 13881K [0x00000006c3000000, 0x00000006d0680000, 0x000000076bb00000)
  object space 219648K, 6% used [0x00000006c3000000,0x00000006c3d8e640,0x00000006d0680000)
 Metaspace       used 34437K, capacity 35282K, committed 35416K, reserved 1079296K
  class space    used 4779K, capacity 5033K, committed 5120K, reserved 1048576K
}
Event: 4.618 GC heap before
{Heap before GC invocations=6 (full 2):
 PSYoungGen      total 218624K, used 10973K [0x000000076bb00000, 0x000000077b300000, 0x00000007c0000000)
  eden space 197120K, 0% used [0x000000076bb00000,0x000000076bb00000,0x0000000777b80000)
  from space 21504K, 51% used [0x0000000779080000,0x0000000779b37668,0x000000077a580000)
  to   space 21504K, 0% used [0x0000000777b80000,0x0000000777b80000,0x0000000779080000)
 ParOldGen       total 219648K, used 13881K [0x00000006c3000000, 0x00000006d0680000, 0x000000076bb00000)
  object space 219648K, 6% used [0x00000006c3000000,0x00000006c3d8e640,0x00000006d0680000)
 Metaspace       used 34437K, capacity 35282K, committed 35416K, reserved 1079296K
  class space    used 4779K, capacity 5033K, committed 5120K, reserved 1048576K
Event: 4.655 GC heap after
Heap after GC invocations=6 (full 2):
 PSYoungGen      total 218624K, used 0K [0x000000076bb00000, 0x000000077b300000, 0x00000007c0000000)
  eden space 197120K, 0% used [0x000000076bb00000,0x000000076bb00000,0x0000000777b80000)
  from space 21504K, 0% used [0x0000000779080000,0x0000000779080000,0x000000077a580000)
  to   space 21504K, 0% used [0x0000000777b80000,0x0000000777b80000,0x0000000779080000)
 ParOldGen       total 348672K, used 17717K [0x00000006c3000000, 0x00000006d8480000, 0x000000076bb00000)
  object space 348672K, 5% used [0x00000006c3000000,0x00000006c414d7e0,0x00000006d8480000)
 Metaspace       used 34437K, capacity 35282K, committed 35416K, reserved 1079296K
  class space    used 4779K, capacity 5033K, committed 5120K, reserved 1048576K
}
Event: 5.947 GC heap before
{Heap before GC invocations=7 (full 2):
 PSYoungGen      total 218624K, used 197120K [0x000000076bb00000, 0x000000077b300000, 0x00000007c0000000)
  eden space 197120K, 100% used [0x000000076bb00000,0x0000000777b80000,0x0000000777b80000)
  from space 21504K, 0% used [0x0000000779080000,0x0000000779080000,0x000000077a580000)
  to   space 21504K, 0% used [0x0000000777b80000,0x0000000777b80000,0x0000000779080000)
 ParOldGen       total 348672K, used 17717K [0x00000006c3000000, 0x00000006d8480000, 0x000000076bb00000)
  object space 348672K, 5% used [0x00000006c3000000,0x00000006c414d7e0,0x00000006d8480000)
 Metaspace       used 42616K, capacity 44442K, committed 44672K, reserved 1087488K
  class space    used 6172K, capacity 6663K, committed 6784K, reserved 1048576K
Event: 5.958 GC heap after
Heap after GC invocations=7 (full 2):
 PSYoungGen      total 218624K, used 15628K [0x000000076bb00000, 0x000000077e580000, 0x00000007c0000000)
  eden space 197120K, 0% used [0x000000076bb00000,0x000000076bb00000,0x0000000777b80000)
  from space 21504K, 72% used [0x0000000777b80000,0x0000000778ac3130,0x0000000779080000)
  to   space 16896K, 0% used [0x000000077d500000,0x000000077d500000,0x000000077e580000)
 ParOldGen       total 348672K, used 17725K [0x00000006c3000000, 0x00000006d8480000, 0x000000076bb00000)
  object space 348672K, 5% used [0x00000006c3000000,0x00000006c414f7e0,0x00000006d8480000)
 Metaspace       used 42616K, capacity 44442K, committed 44672K, reserved 1087488K
  class space    used 6172K, capacity 6663K, committed 6784K, reserved 1048576K
}
Event: 7.245 GC heap before
{Heap before GC invocations=8 (full 2):
 PSYoungGen      total 218624K, used 212748K [0x000000076bb00000, 0x000000077e580000, 0x00000007c0000000)
  eden space 197120K, 100% used [0x000000076bb00000,0x0000000777b80000,0x0000000777b80000)
  from space 21504K, 72% used [0x0000000777b80000,0x0000000778ac3130,0x0000000779080000)
  to   space 16896K, 0% used [0x000000077d500000,0x000000077d500000,0x000000077e580000)
 ParOldGen       total 348672K, used 17725K [0x00000006c3000000, 0x00000006d8480000, 0x000000076bb00000)
  object space 348672K, 5% used [0x00000006c3000000,0x00000006c414f7e0,0x00000006d8480000)
 Metaspace       used 46365K, capacity 48356K, committed 48640K, reserved 1091584K
  class space    used 6568K, capacity 7096K, committed 7168K, reserved 1048576K
Event: 7.265 GC heap after
Heap after GC invocations=8 (full 2):
 PSYoungGen      total 283136K, used 16864K [0x000000076bb00000, 0x000000077f780000, 0x00000007c0000000)
  eden space 266240K, 0% used [0x000000076bb00000,0x000000076bb00000,0x000000077bf00000)
  from space 16896K, 99% used [0x000000077d500000,0x000000077e578030,0x000000077e580000)
  to   space 22528K, 0% used [0x000000077bf00000,0x000000077bf00000,0x000000077d500000)
 ParOldGen       total 348672K, used 24684K [0x00000006c3000000, 0x00000006d8480000, 0x000000076bb00000)
  object space 348672K, 7% used [0x00000006c3000000,0x00000006c481b2e0,0x00000006d8480000)
 Metaspace       used 46365K, capacity 48356K, committed 48640K, reserved 1091584K
  class space    used 6568K, capacity 7096K, committed 7168K, reserved 1048576K
}
Event: 7.867 GC heap before
{Heap before GC invocations=9 (full 2):
 PSYoungGen      total 283136K, used 283104K [0x000000076bb00000, 0x000000077f780000, 0x00000007c0000000)
  eden space 266240K, 100% used [0x000000076bb00000,0x000000077bf00000,0x000000077bf00000)
  from space 16896K, 99% used [0x000000077d500000,0x000000077e578030,0x000000077e580000)
  to   space 22528K, 0% used [0x000000077bf00000,0x000000077bf00000,0x000000077d500000)
 ParOldGen       total 348672K, used 24684K [0x00000006c3000000, 0x00000006d8480000, 0x000000076bb00000)
  object space 348672K, 7% used [0x00000006c3000000,0x00000006c481b2e0,0x00000006d8480000)
 Metaspace       used 47222K, capacity 49244K, committed 49536K, reserved 1091584K
  class space    used 6625K, capacity 7182K, committed 7296K, reserved 1048576K
Event: 7.884 GC heap after
Heap after GC invocations=9 (full 2):
 PSYoungGen      total 288768K, used 22500K [0x000000076bb00000, 0x000000077f780000, 0x00000007c0000000)
  eden space 266240K, 0% used [0x000000076bb00000,0x000000076bb00000,0x000000077bf00000)
  from space 22528K, 99% used [0x000000077bf00000,0x000000077d4f92c0,0x000000077d500000)
  to   space 16896K, 0% used [0x000000077d500000,0x000000077d500000,0x000000077e580000)
 ParOldGen       total 348672K, used 27654K [0x00000006c3000000, 0x00000006d8480000, 0x000000076bb00000)
  object space 348672K, 7% used [0x00000006c3000000,0x00000006c4b01b50,0x00000006d8480000)
 Metaspace       used 47222K, capacity 49244K, committed 49536K, reserved 1091584K
  class space    used 6625K, capacity 7182K, committed 7296K, reserved 1048576K
}

